InnoDB: using atomic writes.
2021-07-10 23:50:11 0 [Note] InnoDB: Mutexes and rw_locks use Windows interlocked functions
2021-07-10 23:50:11 0 [Note] InnoDB: Uses event mutexes
2021-07-10 23:50:11 0 [Note] InnoDB: Compressed tables use zlib 1.2.11
2021-07-10 23:50:11 0 [Note] InnoDB: Number of pools: 1
2021-07-10 23:50:11 0 [Note] InnoDB: Using SSE2 crc32 instructions
2021-07-10 23:50:11 0 [Note] InnoDB: Initializing buffer pool, total size = 16M, instances = 1, chunk size = 16M
2021-07-10 23:50:11 0 [Note] InnoDB: Completed initialization of buffer pool
2021-07-10 23:50:11 0 [Note] InnoDB: Starting crash recovery from checkpoint LSN=300288
2021-07-10 23:50:12 0 [Note] InnoDB: 128 out of 128 rollback segments are active.
2021-07-10 23:50:12 0 [Note] InnoDB: Removed temporary tablespace data file: "ibtmp1"
2021-07-10 23:50:12 0 [Note] InnoDB: Creating shared tablespace for temporary tables
2021-07-10 23:50:12 0 [Note] InnoDB: Setting file 'C:\xampp\mysql\data\ibtmp1' size to 12 MB. Physically writing the file full; Please wait ...
2021-07-10 23:50:12 0 [Note] InnoDB: File 'C:\xampp\mysql\data\ibtmp1' size is now 12 MB.
2021-07-10 23:50:12 0 [Note] InnoDB: Waiting for purge to start
2021-07-10 23:50:12 0 [Note] InnoDB: 10.4.13 started; log sequence number 300297; transaction id 171
2021-07-10 23:50:12 0 [Note] InnoDB: Loading buffer pool(s) from C:\xampp\mysql\data\ib_buffer_pool
2021-07-10 23:50:12 0 [Note] Plugin 'FEEDBACK' is disabled.
2021-07-10 23:50:12 0 [Note] Server socket created on IP: '::'.
InnoDB: using atomic writes.
2021-07-11  0:05:20 0 [Note] InnoDB: Mutexes and rw_locks use Windows interlocked functions
2021-07-11  0:05:20 0 [Note] InnoDB: Uses event mutexes
2021-07-11  0:05:20 0 [Note] InnoDB: Compressed tables use zlib 1.2.11
2021-07-11  0:05:20 0 [Note] InnoDB: Number of pools: 1
2021-07-11  0:05:20 0 [Note] InnoDB: Using SSE2 crc32 instructions
2021-07-11  0:05:20 0 [Note] InnoDB: Initializing buffer pool, total size = 16M, instances = 1, chunk size = 16M
2021-07-11  0:05:20 0 [Note] InnoDB: Completed initialization of buffer pool
2021-07-11  0:05:21 0 [Note] InnoDB: Starting crash recovery from checkpoint LSN=300306
2021-07-11  0:05:22 0 [Note] InnoDB: 128 out of 128 rollback segments are active.
2021-07-11  0:05:22 0 [Note] InnoDB: Removed temporary tablespace data file: "ibtmp1"
2021-07-11  0:05:22 0 [Note] InnoDB: Creating shared tablespace for temporary tables
2021-07-11  0:05:22 0 [Note] InnoDB: Setting file 'C:\xampp\mysql\data\ibtmp1' size to 12 MB. Physically writing the file full; Please wait ...
2021-07-11  0:05:22 0 [Note] InnoDB: File 'C:\xampp\mysql\data\ibtmp1' size is now 12 MB.
2021-07-11  0:05:22 0 [Note] InnoDB: Waiting for purge to start
2021-07-11  0:05:22 0 [Note] InnoDB: 10.4.13 started; log sequence number 300315; transaction id 171
2021-07-11  0:05:22 0 [Note] InnoDB: Loading buffer pool(s) from C:\xampp\mysql\data\ib_buffer_pool
2021-07-11  0:05:22 0 [Note] Plugin 'FEEDBACK' is disabled.
2021-07-11  0:05:22 0 [Note] Server socket created on IP: '::'.
InnoDB: using atomic writes.
2021-07-11  0:09:23 0 [Note] InnoDB: Mutexes and rw_locks use Windows interlocked functions
2021-07-11  0:09:23 0 [Note] InnoDB: Uses event mutexes
2021-07-11  0:09:23 0 [Note] InnoDB: Compressed tables use zlib 1.2.11
2021-07-11  0:09:23 0 [Note] InnoDB: Number of pools: 1
2021-07-11  0:09:23 0 [Note] InnoDB: Using SSE2 crc32 instructions
2021-07-11  0:09:23 0 [Note] InnoDB: Initializing buffer pool, total size = 16M, instances = 1, chunk size = 16M
2021-07-11  0:09:23 0 [Note] InnoDB: Completed initialization of buffer pool
2021-07-11  0:09:23 0 [Note] InnoDB: Starting crash recovery from checkpoint LSN=300324
2021-07-11  0:09:24 0 [Note] InnoDB: 128 out of 128 rollback segments are active.
2021-07-11  0:09:24 0 [Note] InnoDB: Removed temporary tablespace data file: "ibtmp1"
2021-07-11  0:09:24 0 [Note] InnoDB: Creating shared tablespace for temporary tables
2021-07-11  0:09:24 0 [Note] InnoDB: Setting file 'C:\xampp\mysql\data\ibtmp1' size to 12 MB. Physically writing the file full; Please wait ...
2021-07-11  0:09:24 0 [Note] InnoDB: File 'C:\xampp\mysql\data\ibtmp1' size is now 12 MB.
2021-07-11  0:09:24 0 [Note] InnoDB: Waiting for purge to start
2021-07-11  0:09:24 0 [Note] InnoDB: 10.4.13 started; log sequence number 300333; transaction id 171
2021-07-11  0:09:24 0 [Note] InnoDB: Loading buffer pool(s) from C:\xampp\mysql\data\ib_buffer_pool
2021-07-11  0:09:24 0 [Note] Plugin 'FEEDBACK' is disabled.
2021-07-11  0:09:24 0 [Note] Server socket created on IP: '::'.
InnoDB: using atomic writes.
2021-07-11  0:12:42 0 [Note] InnoDB: Mutexes and rw_locks use Windows interlocked functions
2021-07-11  0:12:42 0 [Note] InnoDB: Uses event mutexes
2021-07-11  0:12:42 0 [Note] InnoDB: Compressed tables use zlib 1.2.11
2021-07-11  0:12:42 0 [Note] InnoDB: Number of pools: 1
2021-07-11  0:12:42 0 [Note] InnoDB: Using SSE2 crc32 instructions
2021-07-11  0:12:42 0 [Note] InnoDB: Initializing buffer pool, total size = 16M, instances = 1, chunk size = 16M
2021-07-11  0:12:42 0 [Note] InnoDB: Completed initialization of buffer pool
2021-07-11  0:12:43 0 [Note] InnoDB: Starting crash recovery from checkpoint LSN=300342
2021-07-11  0:12:44 0 [Note] InnoDB: 128 out of 128 rollback segments are active.
2021-07-11  0:12:44 0 [Note] InnoDB: Removed temporary tablespace data file: "ibtmp1"
2021-07-11  0:12:44 0 [Note] InnoDB: Creating shared tablespace for temporary tables
2021-07-11  0:12:44 0 [Note] InnoDB: Setting file 'C:\xampp\mysql\data\ibtmp1' size to 12 MB. Physically writing the file full; Please wait ...
2021-07-11  0:12:44 0 [Note] InnoDB: File 'C:\xampp\mysql\data\ibtmp1' size is now 12 MB.
2021-07-11  0:12:44 0 [Note] InnoDB: Waiting for purge to start
2021-07-11  0:12:44 0 [Note] InnoDB: 10.4.13 started; log sequence number 300351; transaction id 171
2021-07-11  0:12:44 0 [Note] InnoDB: Loading buffer pool(s) from C:\xampp\mysql\data\ib_buffer_pool
2021-07-11  0:12:44 0 [Note] Plugin 'FEEDBACK' is disabled.
2021-07-11  0:12:44 0 [Note] Server socket created on IP: '::'.
InnoDB: using atomic writes.
2021-07-11 16:08:36 0 [Note] InnoDB: Mutexes and rw_locks use Windows interlocked functions
2021-07-11 16:08:36 0 [Note] InnoDB: Uses event mutexes
2021-07-11 16:08:36 0 [Note] InnoDB: Compressed tables use zlib 1.2.11
2021-07-11 16:08:36 0 [Note] InnoDB: Number of pools: 1
2021-07-11 16:08:36 0 [Note] InnoDB: Using SSE2 crc32 instructions
2021-07-11 16:08:36 0 [Note] InnoDB: Initializing buffer pool, total size = 16M, instances = 1, chunk size = 16M
2021-07-11 16:08:36 0 [Note] InnoDB: Completed initialization of buffer pool
2021-07-11 16:08:37 0 [Note] InnoDB: Starting crash recovery from checkpoint LSN=314670
2021-07-11 16:08:39 0 [Note] InnoDB: 128 out of 128 rollback segments are active.
2021-07-11 16:08:39 0 [Note] InnoDB: Removed temporary tablespace data file: "ibtmp1"
2021-07-11 16:08:39 0 [Note] InnoDB: Creating shared tablespace for temporary tables
2021-07-11 16:08:39 0 [Note] InnoDB: Setting file 'C:\xampp\mysql\data\ibtmp1' size to 12 MB. Physically writing the file full; Please wait ...
2021-07-11 16:08:39 0 [Note] InnoDB: File 'C:\xampp\mysql\data\ibtmp1' size is now 12 MB.
2021-07-11 16:08:39 0 [Note] InnoDB: Waiting for purge to start
2021-07-11 16:08:39 0 [Note] InnoDB: 10.4.13 started; log sequence number 314679; transaction id 228
2021-07-11 16:08:39 0 [Note] InnoDB: Loading buffer pool(s) from C:\xampp\mysql\data\ib_buffer_pool
2021-07-11 16:08:39 0 [Note] Plugin 'FEEDBACK' is disabled.
2021-07-11 16:08:39 0 [Note] Server socket created on IP: '::'.
InnoDB: using atomic writes.
2021-07-12 12:46:56 0 [Note] InnoDB: Mutexes and rw_locks use Windows interlocked functions
2021-07-12 12:46:56 0 [Note] InnoDB: Uses event mutexes
2021-07-12 12:46:56 0 [Note] InnoDB: Compressed tables use zlib 1.2.11
2021-07-12 12:46:56 0 [Note] InnoDB: Number of pools: 1
2021-07-12 12:46:56 0 [Note] InnoDB: Using SSE2 crc32 instructions
2021-07-12 12:46:56 0 [Note] InnoDB: Initializing buffer pool, total size = 16M, instances = 1, chunk size = 16M
2021-07-12 12:46:56 0 [Note] InnoDB: Completed initialization of buffer pool
2021-07-12 12:46:56 0 [Note] InnoDB: Starting crash recovery from checkpoint LSN=330254
2021-07-12 12:46:58 0 [Note] InnoDB: 128 out of 128 rollback segments are active.
2021-07-12 12:46:58 0 [Note] InnoDB: Removed temporary tablespace data file: "ibtmp1"
2021-07-12 12:46:58 0 [Note] InnoDB: Creating shared tablespace for temporary tables
2021-07-12 12:46:58 0 [Note] InnoDB: Setting file 'C:\xampp\mysql\data\ibtmp1' size to 12 MB. Physically writing the file full; Please wait ...
2021-07-12 12:46:58 0 [Note] InnoDB: File 'C:\xampp\mysql\data\ibtmp1' size is now 12 MB.
2021-07-12 12:46:58 0 [Note] InnoDB: Waiting for purge to start
2021-07-12 12:46:58 0 [Note] InnoDB: 10.4.13 started; log sequence number 330263; transaction id 291
2021-07-12 12:46:58 0 [Note] InnoDB: Loading buffer pool(s) from C:\xampp\mysql\data\ib_buffer_pool
2021-07-12 12:46:58 0 [Note] Plugin 'FEEDBACK' is disabled.
2021-07-12 12:46:59 0 [Note] Server socket created on IP: '::'.
InnoDB: using atomic writes.
2021-07-12 15:17:44 0 [Note] InnoDB: Mutexes and rw_locks use Windows interlocked functions
2021-07-12 15:17:44 0 [Note] InnoDB: Uses event mutexes
2021-07-12 15:17:44 0 [Note] InnoDB: Compressed tables use zlib 1.2.11
2021-07-12 15:17:44 0 [Note] InnoDB: Number of pools: 1
2021-07-12 15:17:44 0 [Note] InnoDB: Using SSE2 crc32 instructions
2021-07-12 15:17:44 0 [Note] InnoDB: Initializing buffer pool, total size = 16M, instances = 1, chunk size = 16M
2021-07-12 15:17:44 0 [Note] InnoDB: Completed initialization of buffer pool
2021-07-12 15:17:44 0 [Note] InnoDB: Starting crash recovery from checkpoint LSN=342960
2021-07-12 15:17:46 0 [Note] InnoDB: 128 out of 128 rollback segments are active.
2021-07-12 15:17:46 0 [Note] InnoDB: Removed temporary tablespace data file: "ibtmp1"
2021-07-12 15:17:46 0 [Note] InnoDB: Creating shared tablespace for temporary tables
2021-07-12 15:17:46 0 [Note] InnoDB: Setting file 'C:\xampp\mysql\data\ibtmp1' size to 12 MB. Physically writing the file full; Please wait ...
2021-07-12 15:17:46 0 [Note] InnoDB: File 'C:\xampp\mysql\data\ibtmp1' size is now 12 MB.
2021-07-12 15:17:46 0 [Note] InnoDB: Waiting for purge to start
2021-07-12 15:17:46 0 [Note] InnoDB: 10.4.13 started; log sequence number 342969; transaction id 331
2021-07-12 15:17:46 0 [Note] InnoDB: Loading buffer pool(s) from C:\xampp\mysql\data\ib_buffer_pool
2021-07-12 15:17:46 0 [Note] Plugin 'FEEDBACK' is disabled.
2021-07-12 15:17:46 0 [Note] Server socket created on IP: '::'.
InnoDB: using atomic writes.
2021-07-12 23:13:24 0 [Note] InnoDB: Mutexes and rw_locks use Windows interlocked functions
2021-07-12 23:13:24 0 [Note] InnoDB: Uses event mutexes
2021-07-12 23:13:24 0 [Note] InnoDB: Compressed tables use zlib 1.2.11
2021-07-12 23:13:24 0 [Note] InnoDB: Number of pools: 1
2021-07-12 23:13:24 0 [Note] InnoDB: Using SSE2 crc32 instructions
2021-07-12 23:13:24 0 [Note] InnoDB: Initializing buffer pool, total size = 16M, instances = 1, chunk size = 16M
2021-07-12 23:13:24 0 [Note] InnoDB: Completed initialization of buffer pool
2021-07-12 23:13:24 0 [Note] InnoDB: Starting crash recovery from checkpoint LSN=369408
2021-07-12 23:13:26 0 [Note] InnoDB: 128 out of 128 rollback segments are active.
2021-07-12 23:13:26 0 [Note] InnoDB: Removed temporary tablespace data file: "ibtmp1"
2021-07-12 23:13:26 0 [Note] InnoDB: Creating shared tablespace for temporary tables
2021-07-12 23:13:26 0 [Note] InnoDB: Setting file 'C:\xampp\mysql\data\ibtmp1' size to 12 MB. Physically writing the file full; Please wait ...
2021-07-12 23:13:26 0 [Note] InnoDB: File 'C:\xampp\mysql\data\ibtmp1' size is now 12 MB.
2021-07-12 23:13:26 0 [Note] InnoDB: Waiting for purge to start
2021-07-12 23:13:26 0 [Note] InnoDB: 10.4.13 started; log sequence number 369417; transaction id 420
2021-07-12 23:13:26 0 [Note] InnoDB: Loading buffer pool(s) from C:\xampp\mysql\data\ib_buffer_pool
2021-07-12 23:13:26 0 [Note] Plugin 'FEEDBACK' is disabled.
2021-07-12 23:13:26 0 [Note] Server socket created on IP: '::'.
InnoDB: using atomic writes.
2021-07-18 19:36:36 0 [Note] InnoDB: Mutexes and rw_locks use Windows interlocked functions
2021-07-18 19:36:36 0 [Note] InnoDB: Uses event mutexes
2021-07-18 19:36:36 0 [Note] InnoDB: Compressed tables use zlib 1.2.11
2021-07-18 19:36:36 0 [Note] InnoDB: Number of pools: 1
2021-07-18 19:36:36 0 [Note] InnoDB: Using SSE2 crc32 instructions
2021-07-18 19:36:36 0 [Note] InnoDB: Initializing buffer pool, total size = 16M, instances = 1, chunk size = 16M
2021-07-18 19:36:36 0 [Note] InnoDB: Completed initialization of buffer pool
2021-07-18 19:36:36 0 [Note] InnoDB: Starting crash recovery from checkpoint LSN=376928
2021-07-18 19:36:40 0 [Note] InnoDB: 128 out of 128 rollback segments are active.
2021-07-18 19:36:40 0 [Note] InnoDB: Removed temporary tablespace data file: "ibtmp1"
2021-07-18 19:36:40 0 [Note] InnoDB: Creating shared tablespace for temporary tables
2021-07-18 19:36:40 0 [Note] InnoDB: Setting file 'C:\xampp\mysql\data\ibtmp1' size to 12 MB. Physically writing the file full; Please wait ...
2021-07-18 19:36:40 0 [Note] InnoDB: File 'C:\xampp\mysql\data\ibtmp1' size is now 12 MB.
2021-07-18 19:36:40 0 [Note] InnoDB: Waiting for purge to start
2021-07-18 19:36:40 0 [Note] InnoDB: 10.4.13 started; log sequence number 376937; transaction id 453
2021-07-18 19:36:40 0 [Note] InnoDB: Loading buffer pool(s) from C:\xampp\mysql\data\ib_buffer_pool
2021-07-18 19:36:40 0 [Note] Plugin 'FEEDBACK' is disabled.
2021-07-18 19:36:41 0 [Note] Server socket created on IP: '::'.
InnoDB: using atomic writes.
2021-07-22 15:09:39 0 [Note] InnoDB: Mutexes and rw_locks use Windows interlocked functions
2021-07-22 15:09:39 0 [Note] InnoDB: Uses event mutexes
2021-07-22 15:09:39 0 [Note] InnoDB: Compressed tables use zlib 1.2.11
2021-07-22 15:09:39 0 [Note] InnoDB: Number of pools: 1
2021-07-22 15:09:39 0 [Note] InnoDB: Using SSE2 crc32 instructions
2021-07-22 15:09:39 0 [Note] InnoDB: Initializing buffer pool, total size = 16M, instances = 1, chunk size = 16M
2021-07-22 15:09:39 0 [Note] InnoDB: Completed initialization of buffer pool
2021-07-22 15:09:40 0 [Note] InnoDB: Starting crash recovery from checkpoint LSN=377912
2021-07-22 15:09:41 0 [Note] InnoDB: 128 out of 128 rollback segments are active.
2021-07-22 15:09:41 0 [Note] InnoDB: Removed temporary tablespace data file: "ibtmp1"
2021-07-22 15:09:41 0 [Note] InnoDB: Creating shared tablespace for temporary tables
2021-07-22 15:09:41 0 [Note] InnoDB: Setting file 'C:\xampp\mysql\data\ibtmp1' size to 12 MB. Physically writing the file full; Please wait ...
2021-07-22 15:09:41 0 [Note] InnoDB: File 'C:\xampp\mysql\data\ibtmp1' size is now 12 MB.
2021-07-22 15:09:41 0 [Note] InnoDB: Waiting for purge to start
2021-07-22 15:09:41 0 [Note] InnoDB: 10.4.13 started; log sequence number 377921; transaction id 471
2021-07-22 15:09:41 0 [Note] InnoDB: Loading buffer pool(s) from C:\xampp\mysql\data\ib_buffer_pool
2021-07-22 15:09:41 0 [Note] Plugin 'FEEDBACK' is disabled.
2021-07-22 15:09:41 0 [Note] Server socket created on IP: '::'.
InnoDB: using atomic writes.
2021-07-22 15:30:16 0 [Note] InnoDB: Mutexes and rw_locks use Windows interlocked functions
2021-07-22 15:30:16 0 [Note] InnoDB: Uses event mutexes
2021-07-22 15:30:16 0 [Note] InnoDB: Compressed tables use zlib 1.2.11
2021-07-22 15:30:16 0 [Note] InnoDB: Number of pools: 1
2021-07-22 15:30:16 0 [Note] InnoDB: Using SSE2 crc32 instructions
2021-07-22 15:30:16 0 [Note] InnoDB: Initializing buffer pool, total size = 16M, instances = 1, chunk size = 16M
2021-07-22 15:30:16 0 [Note] InnoDB: Completed initialization of buffer pool
2021-07-22 15:30:16 0 [Note] InnoDB: Starting crash recovery from checkpoint LSN=377930
2021-07-22 15:30:17 0 [Note] InnoDB: 128 out of 128 rollback segments are active.
2021-07-22 15:30:17 0 [Note] InnoDB: Removed temporary tablespace data file: "ibtmp1"
2021-07-22 15:30:17 0 [Note] InnoDB: Creating shared tablespace for temporary tables
2021-07-22 15:30:17 0 [Note] InnoDB: Setting file 'C:\xampp\mysql\data\ibtmp1' size to 12 MB. Physically writing the file full; Please wait ...
2021-07-22 15:30:17 0 [Note] InnoDB: File 'C:\xampp\mysql\data\ibtmp1' size is now 12 MB.
2021-07-22 15:30:17 0 [Note] InnoDB: Waiting for purge to start
2021-07-22 15:30:17 0 [Note] InnoDB: 10.4.13 started; log sequence number 377939; transaction id 471
2021-07-22 15:30:17 0 [Note] InnoDB: Loading buffer pool(s) from C:\xampp\mysql\data\ib_buffer_pool
2021-07-22 15:30:17 0 [Note] Plugin 'FEEDBACK' is disabled.
2021-07-22 15:30:17 0 [Note] Server socket created on IP: '::'.
InnoDB: using atomic writes.
2021-07-22 19:10:34 0 [Note] InnoDB: Mutexes and rw_locks use Windows interlocked functions
2021-07-22 19:10:34 0 [Note] InnoDB: Uses event mutexes
2021-07-22 19:10:34 0 [Note] InnoDB: Compressed tables use zlib 1.2.11
2021-07-22 19:10:34 0 [Note] InnoDB: Number of pools: 1
2021-07-22 19:10:34 0 [Note] InnoDB: Using SSE2 crc32 instructions
2021-07-22 19:10:34 0 [Note] InnoDB: Initializing buffer pool, total size = 16M, instances = 1, chunk size = 16M
2021-07-22 19:10:34 0 [Note] InnoDB: Completed initialization of buffer pool
2021-07-22 19:10:34 0 [Note] InnoDB: Starting crash recovery from checkpoint LSN=378244
2021-07-22 19:10:35 0 [Note] InnoDB: 128 out of 128 rollback segments are active.
2021-07-22 19:10:35 0 [Note] InnoDB: Removed temporary tablespace data file: "ibtmp1"
2021-07-22 19:10:35 0 [Note] InnoDB: Creating shared tablespace for temporary tables
2021-07-22 19:10:35 0 [Note] InnoDB: Setting file 'C:\xampp\mysql\data\ibtmp1' size to 12 MB. Physically writing the file full; Please wait ...
2021-07-22 19:10:35 0 [Note] InnoDB: File 'C:\xampp\mysql\data\ibtmp1' size is now 12 MB.
2021-07-22 19:10:35 0 [Note] InnoDB: Waiting for purge to start
2021-07-22 19:10:35 0 [Note] InnoDB: 10.4.13 started; log sequence number 378253; transaction id 479
2021-07-22 19:10:35 0 [Note] InnoDB: Loading buffer pool(s) from C:\xampp\mysql\data\ib_buffer_pool
2021-07-22 19:10:35 0 [Note] Plugin 'FEEDBACK' is disabled.
2021-07-22 19:10:35 0 [Note] Server socket created on IP: '::'.
